<?xml version="1.0" encoding="UTF-8"?>
<!-- Generated by org.testng.reporters.JUnitXMLReporter -->
<testsuite ignored="0" hostname="DESKTOP-J7DNQ9P" failures="1" tests="1" name="Test" time="20.773" errors="0" timestamp="2025-07-03T19:50:36 IST">
  <testcase classname="com_luma_tsetcases.Tc_01_Luma_Registration" name="lumaRegistrationPage" time="19.956">
    <failure type="java.lang.AssertionError" message="expected [true] but found [false]">
      <![CDATA[java.lang.AssertionError: expected [true] but found [false]
at com_luma_tsetcases.Tc_01_Luma_Registration.lumaRegistrationPage(Tc_01_Luma_Registration.java:51)
at java.base/java.util.ArrayList.forEach(ArrayList.java:1597)
... Removed 29 stack frames]]>
    </failure>
  </testcase> <!-- lumaRegistrationPage -->
</testsuite> <!-- Test -->
